This is pdfTeX, Version 3.1415926-1.40.10 (TeX Live 2009/Debian) (format=latex 2013.9.21)  15 OCT 2013 13:43
entering extended mode
 %&-line parsing enabled.
**\nonstopmode\nofiles\PassOptionsToPackage{active,tightpage,auctex}{preview}\A
tBeginDocument{\ifx\ifPreview\undefined\RequirePackage[displaymath,floats,graph
ics,textmath,sections,footnotes]{preview}[2004/11/05]\fi} \input _region_.tex
(./_region_.tex  !name(mr_svd.tex)
(/usr/share/texmf-texlive/tex/latex/base/article.cls
Document Class: article 2007/10/19 v1.4h Standard LaTeX document class
(/usr/share/texmf-texlive/tex/latex/base/size11.clo
File: size11.clo 2007/10/19 v1.4h Standard LaTeX file (size option)
)
\c@part=\count79
\c@section=\count80
\c@subsection=\count81
\c@subsubsection=\count82
\c@paragraph=\count83
\c@subparagraph=\count84
\c@figure=\count85
\c@table=\count86
\abovecaptionskip=\skip41
\belowcaptionskip=\skip42
\bibindent=\dimen102
)
(/usr/share/texmf-texlive/tex/latex/base/inputenc.sty
Package: inputenc 2008/03/30 v1.1d Input encoding file
\inpenc@prehook=\toks14
\inpenc@posthook=\toks15

(/usr/share/texmf-texlive/tex/latex/base/latin5.def
File: latin5.def 2008/03/30 v1.1d Input encoding file
))
(/usr/share/texmf-texlive/tex/latex/amsmath/amsmath.sty
Package: amsmath 2000/07/18 v2.13 AMS math features
\@mathmargin=\skip43

For additional information on amsmath, use the `?' option.
(/usr/share/texmf-texlive/tex/latex/amsmath/amstext.sty
Package: amstext 2000/06/29 v2.01

(/usr/share/texmf-texlive/tex/latex/amsmath/amsgen.sty
File: amsgen.sty 1999/11/30 v2.0
\@emptytoks=\toks16
\ex@=\dimen103
))
(/usr/share/texmf-texlive/tex/latex/amsmath/amsbsy.sty
Package: amsbsy 1999/11/29 v1.2d
\pmbraise@=\dimen104
)
(/usr/share/texmf-texlive/tex/latex/amsmath/amsopn.sty
Package: amsopn 1999/12/14 v2.01 operator names
)
\inf@bad=\count87
LaTeX Info: Redefining \frac on input line 211.
\uproot@=\count88
\leftroot@=\count89
LaTeX Info: Redefining \overline on input line 307.
\classnum@=\count90
\DOTSCASE@=\count91
LaTeX Info: Redefining \ldots on input line 379.
LaTeX Info: Redefining \dots on input line 382.
LaTeX Info: Redefining \cdots on input line 467.
\Mathstrutbox@=\box26
\strutbox@=\box27
\big@size=\dimen105
LaTeX Font Info:    Redeclaring font encoding OML on input line 567.
LaTeX Font Info:    Redeclaring font encoding OMS on input line 568.
\macc@depth=\count92
\c@MaxMatrixCols=\count93
\dotsspace@=\muskip10
\c@parentequation=\count94
\dspbrk@lvl=\count95
\tag@help=\toks17
\row@=\count96
\column@=\count97
\maxfields@=\count98
\andhelp@=\toks18
\eqnshift@=\dimen106
\alignsep@=\dimen107
\tagshift@=\dimen108
\tagwidth@=\dimen109
\totwidth@=\dimen110
\lineht@=\dimen111
\@envbody=\toks19
\multlinegap=\skip44
\multlinetaggap=\skip45
\mathdisplay@stack=\toks20
LaTeX Info: Redefining \[ on input line 2666.
LaTeX Info: Redefining \] on input line 2667.
)
(/usr/share/texmf-texlive/tex/latex/examplep/examplep.sty
Package: examplep 2006/12/21 v0.03 Verbatim and typeset TeX code

(/usr/share/texmf-texlive/tex/latex/examplep/verbfwr.sty
Package: verbfwr 2003/09/25 v0.02 Verbatim file write
\verbfwr@writefile=\write3
))
(/usr/share/texmf-texlive/tex/latex/graphics/graphicx.sty
Package: graphicx 1999/02/16 v1.0f Enhanced LaTeX Graphics (DPC,SPQR)

(/usr/share/texmf-texlive/tex/latex/graphics/keyval.sty
Package: keyval 1999/03/16 v1.13 key=value parser (DPC)
\KV@toks@=\toks21
)
(/usr/share/texmf-texlive/tex/latex/graphics/graphics.sty
Package: graphics 2009/02/05 v1.0o Standard LaTeX Graphics (DPC,SPQR)

(/usr/share/texmf-texlive/tex/latex/graphics/trig.sty
Package: trig 1999/03/16 v1.09 sin cos tan (DPC)
)
(/etc/texmf/tex/latex/config/graphics.cfg
File: graphics.cfg 2009/08/28 v1.8 graphics configuration of TeX Live
)
Package graphics Info: Driver file: dvips.def on input line 91.

(/usr/share/texmf-texlive/tex/latex/graphics/dvips.def
File: dvips.def 1999/02/16 v3.0i Driver-dependant file (DPC,SPQR)
))
\Gin@req@height=\dimen112
\Gin@req@width=\dimen113
)
No file _region_.aux.
LaTeX Font Info:    Checking defaults for OML/cmm/m/it on input line 8.
LaTeX Font Info:    ... okay on input line 8.
LaTeX Font Info:    Checking defaults for T1/cmr/m/n on input line 8.
LaTeX Font Info:    ... okay on input line 8.
LaTeX Font Info:    Checking defaults for OT1/cmr/m/n on input line 8.
LaTeX Font Info:    ... okay on input line 8.
LaTeX Font Info:    Checking defaults for OMS/cmsy/m/n on input line 8.
LaTeX Font Info:    ... okay on input line 8.
LaTeX Font Info:    Checking defaults for OMX/cmex/m/n on input line 8.
LaTeX Font Info:    ... okay on input line 8.
LaTeX Font Info:    Checking defaults for U/cmr/m/n on input line 8.
LaTeX Font Info:    ... okay on input line 8.
(/usr/share/texmf/tex/latex/preview/preview.sty
Package: preview 2010/02/14 11.86 (AUCTeX/preview-latex)

(/usr/share/texmf/tex/latex/preview/prtightpage.def
\PreviewBorder=\dimen114
)
(/usr/share/texmf/tex/latex/preview/prauctex.def
No auxiliary output files.


\hbadness=\count99
\hfuzz=\dimen115
(/usr/share/texmf/tex/latex/preview/prauctex.cfg))
(/usr/share/texmf/tex/latex/preview/prfootnotes.def)
\pr@snippet=\count100
\pr@box=\box28
\pr@output=\toks22

Preview: Fontsize 10.95pt
)  !name(mr_svd.tex) !offset(14) 
! Preview: Snippet 1 started.
<-><->
      
l.11 \section
             {Introduction}
Not a real error.

Preview: Tightpage -32891 -32891 32891 32891
! Preview: Snippet 1 ended.(655359+0x23592960).
<-><->
      
l.11 \section{Introduction}
                           
Not a real error.

[1

]

LaTeX Warning: Citation `gleich' on page 1 undefined on input line 13.

! Preview: Snippet 2 started.
<-><->
      
l.16 turned into an $
                     A^TA$ computation problem which is easy to compute using
Not a real error.

! Preview: Snippet 2 ended.(618681+0x1510885).
<-><->
      
l.16 turned into an $A^TA$
                           computation problem which is easy to compute using
Not a real error.

[2]
! Preview: Snippet 3 started.
<-><->
      
l.19 $
      $ A^TA = (QR)^T(QR) = R^TQ^TQR = R^TR $$
Not a real error.

! Preview: Snippet 3 ended.(1070694+0x23592960).
<-><->
      
l.19 $$ A^TA = (QR)^T(QR) = R^TQ^TQR = R^TR $$
                                              
Not a real error.

[3]
! Preview: Snippet 4 started.
<-><->
      
l.21 ...a is due to Cholesky factorization of an $
                                                  n \times n$
Not a real error.

! Preview: Snippet 4 ended.(418611+59802x1738566).
<-><->
      
l.21 ... Cholesky factorization of an $n \times n$
                                                  
Not a real error.

[4]
! Preview: Snippet 5 started.
<-><->
      
l.24 $
      $ A = LL^T $$
Not a real error.

! Preview: Snippet 5 ended.(891290+0x23592960).
<-><->
      
l.24 $$ A = LL^T $$
                   
Not a real error.

[5]
! Preview: Snippet 6 started.
<-><->
      
l.26 where $
            L$ is an $n \times n$ lower triangular matrix.
Not a real error.

! Preview: Snippet 6 ended.(490372+0x488380).
<-><->
      
l.26 where $L$
               is an $n \times n$ lower triangular matrix.
Not a real error.

[6]
! Preview: Snippet 7 started.
<-><->
      
l.26 where $L$ is an $
                      n \times n$ lower triangular matrix.
Not a real error.

! Preview: Snippet 7 ended.(418611+59802x1738566).
<-><->
      
l.26 where $L$ is an $n \times n$
                                  lower triangular matrix.
Not a real error.

[7]
! Preview: Snippet 8 started.
<-><->
      
l.30 \begin{thebibliography}{1}
                               
Not a real error.

! Preview: Snippet 8 ended.(655359+0x23592960).
<-><->
      
l.30 \begin{thebibliography}{1}
                               
Not a real error.

[8]  !name(mr_svd.tex) !offset(12) 

LaTeX Warning: There were undefined references.

 ) 
Here is how much of TeX's memory you used:
 1779 strings out of 495062
 24362 string characters out of 1182644
 76664 words of memory out of 3000000
 4971 multiletter control sequences out of 15000+50000
 7966 words of font info for 29 fonts, out of 3000000 for 9000
 28 hyphenation exceptions out of 8191
 27i,5n,22p,536b,124s stack positions out of 5000i,500n,10000p,200000b,50000s

Output written on _region_.dvi (8 pages, 2700 bytes).
